75
75
75
75
75
75
75
75
75
75
75
75
75
150
150
150
150
150
150
150
150
150
150
150
150
150
150
150
150
150
150
150
150
150
150
150
150
150
150
150
150
150
150
750
750
750
750
750
2250
2250
2250
2250
2250
2250
2250
2250
2250
2250
2250
2250
2250
2250
2250
2250
2250
18000
18000
18000
18000
486000
486000
486000
486000
486000
486000
486000
972000
972000
972000
972000
29160000
29160000
29160000
29160000
145800000
145800000
145800000
583200000
583200000
583200000
583200000
583200000
583200000
583200000
583200000
583200000
583200000
583200000
583200000
996799909
996799909
996799909
996799909
990399713
990399713
990399713
990399713
990399713
961598831
807994127
807994127
807994127
807994127
807994127
807994127
807994127
807994127
423982367
423982367
423982367
423982367
423982367
423982367
423982367
423982367
423982367
423982367
423982367
423982367
423982367
423982367
423982367
423982367
