843
977
742
828
828
71
828
71
501
977
843
919
843
543
828
828
71
977
843
843
843
828
977
709
71
183
71
977
828
71
71
709
843
709
543
843
742
742
843
709
709
46
843
843
709
609
828
609
709
709
828
828
709
709
68
887
919
843
709
843
977
977
709
828
977
12
709
828
843
71
843
709
843
828
843
843
709
828
977
843
843
843
543
843
843
709
79
709
828
843
709
843
828
71
71
843
709
709
709
843
977
919
843
977
426
71
843
843
977
742
709
709
46
843
977
843
71
843
71
843
828
843
843
742
977
742
709
843
828
71
471
843
631
828
843
71
919
828
709
742
709
79
742
46
828
843
828
501
709
977
919
742
977
709
828
21
843
977
46
543
709
828
709
46
828
828
71
977
977
843
843
709
977
843
605
843
828
742
501
843
843
709
977
828
843
843
843
617
828
742
501
843
709
843
709
471
977
12
843
71
71
977
709
843
71
843
709
501
843
631
843
617
828
742
742
843
617
501
501
843
631
828
742
828
843
71
828
71
843
843
709
709
843
71
71
631
977
843
709
977
71
843
843
828
828
919
709
71
71
71
605
843
843
709
843
843
977
617
501
71
71
709
843
977
843
828
977
46
71
12
977
46
977
482
742
843
977
501
977
843
617
709
828
709
977
605
843
71
71
843
843
71
843
828
501
71
709
742
742
709
977
742
742
543
543
977
742
843
501
709
543
977
429
977
709
843
631
71
543
843
843
828
742
843
843
631
919
46
843
183
605
631
828
843
843
843
843
742
501
828
71
709
977
977
977
71
843
709
89
843
742
828
471
843
71
501
977
709
843
501
709
543
843
843
977
709
828
709
843
501
46
742
843
891
843
843
71
843
828
977
709
828
46
501
843
828
631
501
46
843
919
828
501
843
80
71
18
843
828
843
71
828
742
843
742
742
71
843
828
828
977
843
709
919
617
709
471
709
742
843
828
828
71
844
471
71
843
631
843
843
843
977
977
709
843
977
742
501
843
709
709
843
709
709
71
71
843
891
742
977
501
843
742
828
709
709
828
709
709
742
828
843
843
843
709
71
709
843
46
709
843
742
843
501
709
46
843
709
46
843
828
709
709
843
21
742
828
843
843
71
977
977
709
742
843
709
709
843
617
709
617
919
709
977
709
709
71
977
709
843
843
977
709
631
501
709
631
843
977
501
80
828
843
71
843
71
843
843
617
977
828
843
80
471
709
828
843
71
46
828
709
709
919
977
501
843
977
977
843
709
828
709
843
79
742
843
843
709
843
843
709
609
844
843
843
843
46
919
828
843
709
543
501
843
977
977
977
742
887
843
843
709
843
742
977
709
71
617
709
843
843
71
501
843
977
977
68
828
79
843
828
46
709
709
919
977
828
828
709
843
709
828
977
631
843
977
426
843
977
631
843
71
709
843
843
71
709
977
709
828
709
46
71
631
843
609
605
843
709
709
709
843
709
709
843
828
709
843
742
843
887
843
843
843
71
742
843
977
843
742
709
843
80
709
742
828
46
709
977
709
828
843
605
828
80
843
843
977
977
977
609
843
709
843
605
977
828
80
919
71
828
80
843
828
709
742
843
71
977
71
843
828
977
843
828
828
501
709
709
828
71
828
977
429
46
617
919
977
709
977
828
709
843
71
843
742
742
977
843
709
843
46
828
617
71
71
605
843
843
828
709
843
828
71
843
843
843
709
71
843
828
828
977
828
605
631
919
977
709
828
843
609
843
843
79
843
843
828
709
828
828
844
843
709
843
843
843
709
709
843
709
977
71
709
709
46
843
605
709
709
828
709
709
828
843
977
71
543
80
843
977
843
471
71
709
843
79
828
46
977
605
977
843
843
843
977
843
843
843
709
46
843
828
742
709
605
843
843
79
828
843
828
631
843
46
977
843
501
617
709
843
843
843
843
501
843
843
843
828
843
501
828
828
891
843
709
709
742
709
631
709
843
977
843
843
843
843
631
843
843
709
709
709
501
709
977
919
742
843
977
709
843
977
828
71
977
977
79
843
843
843
617
828
828
843
843
843
843
828
709
617
843
843
80
709
12
631
71
71
843
709
71
843
501
617
919
828
828
843
843
12
977
843
71
843
501
977
709
709
709
709
79
843
543
709
843
609
977
828
977
709
843
79
977
843
828
998
79
71
828
828
828
71
828
709
843
709
709
919
828
71
977
709
631
828
843
21
709
843
843
742
501
828
742
742
501
89
828
742
709
977
709
843
609
828
843
71
709
501
617
71
843
709
843
71
709
709
843
709
709
