6
6
110
791
791
110
6
791
791
110
6
6
110
110
791
110
791
110
791
791
6
791
791
6
791
791
791
791
6
6
110
6
791
110
110
6
791
791
6
6
974
791
791
6
6
110
791
6
974
791
791
110
6
6
110
110
110
110
791
6
981
110
791
791
6
110
110
110
6
791
6
110
981
791
791
791
791
67
6
6
791
110
110
791
110
6
791
949
6
791
791
791
791
6
981
110
110
791
791
6
791
791
110
110
791
791
110
110
110
6
110
791
110
6
6
6
791
791
969
791
110
110
6
791
791
110
791
6
6
110
6
110
791
6
791
791
791
110
791
110
791
791
6
791
791
791
110
110
791
791
110
110
110
6
791
6
791
110
110
6
791
791
791
791
110
6
791
791
6
791
791
6
110
981
6
405
791
791
791
791
791
791
110
791
110
898
174
6
791
110
791
110
110
706
791
791
6
110
791
110
791
981
791
791
174
110
898
174
6
791
110
6
110
791
6
791
791
6
6
6
110
110
110
791
6
791
6
110
6
6
791
791
949
791
791
6
110
110
791
110
791
791
969
791
6
791
898
509
791
6
974
110
6
969
791
6
791
791
791
6
791
791
791
110
6
791
110
791
6
110
6
6
110
791
6
791
6
791
6
791
791
969
110
791
791
110
6
791
791
791
110
6
791
981
791
6
791
791
6
791
110
791
791
110
6
6
791
791
509
110
791
791
6
791
6
791
791
110
791
6
67
791
110
6
110
110
110
6
791
791
994
528
6
110
791
791
110
110
898
791
791
791
6
6
791
791
6
110
791
110
110
791
949
450
6
6
791
6
110
6
791
6
791
110
791
110
110
791
6
110
110
6
791
110
6
6
791
6
110
994
67
791
6
791
6
791
6
110
969
110
6
110
791
791
791
791
791
791
791
6
6
791
791
110
110
791
174
791
949
791
791
110
791
110
110
110
898
110
528
110
6
110
110
943
791
174
6
6
110
6
6
969
6
110
791
110
6
110
110
791
110
898
110
110
6
110
110
6
6
110
791
509
110
110
791
110
110
791
110
791
110
981
791
6
6
791
791
6
791
110
791
791
110
791
791
791
6
981
858
6
110
110
110
6
110
791
110
110
6
110
6
791
791
6
110
791
791
110
791
791
110
791
6
110
6
110
6
6
791
898
791
791
6
791
6
6
791
6
110
791
791
110
110
791
791
791
110
791
110
6
528
6
110
791
974
791
110
6
6
791
6
6
791
110
791
110
791
898
791
898
110
110
791
791
949
791
528
110
791
858
791
791
791
6
791
6
110
6
6
6
6
791
898
110
791
110
791
110
110
6
110
110
791
969
791
110
110
110
6
6
791
791
110
791
110
791
110
969
898
791
791
791
791
791
6
174
791
6
969
898
110
6
791
110
110
110
791
6
528
110
791
110
791
791
110
174
450
898
791
981
110
791
110
110
6
791
6
110
528
110
6
110
110
110
791
791
791
174
791
110
6
110
6
6
6
981
974
974
791
969
6
791
216
791
110
110
969
791
6
791
791
110
110
791
791
6
110
110
898
110
110
791
110
110
791
110
791
6
791
6
791
791
791
981
110
110
898
6
110
791
898
791
791
6
791
110
110
110
981
6
6
6
110
110
706
791
110
791
110
6
791
791
6
981
110
110
110
110
791
791
110
110
6
174
898
174
110
6
791
110
791
6
791
110
6
110
791
6
791
110
110
110
791
509
791
110
91
6
791
6
110
791
6
791
6
110
6
6
791
6
6
110
791
791
110
791
898
974
110
110
110
110
110
6
110
67
791
110
791
949
791
6
791
791
6
791
898
994
6
110
791
791
791
791
6
791
974
791
791
791
791
6
791
791
791
791
110
110
6
6
6
791
6
706
969
528
791
110
981
110
110
6
110
110
974
791
791
6
6
528
791
110
110
791
791
6
110
791
791
6
706
6
791
791
6
6
6
6
6
791
110
791
898
6
791
6
981
6
110
110
791
858
110
509
110
791
791
110
791
791
110
110
6
791
791
110
791
110
791
791
110
6
110
110
110
791
791
6
791
6
791
110
110
791
791
110
791
791
791
969
110
110
6
110
791
6
6
6
791
791
791
110
791
110
791
791
110
791
791
110
791
6
110
110
110
791
6
6
791
791
791
791
110
110
6
6
110
450
6
6
791
791
791
110
898
6
791
110
110
791
791
110
791
898
6
6
110
791
6
706
791
110
791
6
110
791
791
791
6
791
110
110
110
110
6
898
791
110
791
110
898
981
791
791
791
791
981
110
791
6
