178
178
396
450
540
540
178
540
178
921
540
178
450
178
540
921
540
264
178
178
178
178
540
540
178
540
178
540
540
482
540
178
920
450
540
178
426
178
540
341
178
540
540
482
921
540
921
540
921
540
178
482
540
325
910
178
482
178
540
540
178
540
178
450
540
178
540
540
540
178
450
426
178
178
178
450
178
178
540
540
178
540
178
178
540
540
540
178
178
178
178
178
540
178
540
450
540
450
540
917
450
450
450
396
920
178
178
178
540
450
921
178
540
178
482
178
540
540
450
264
178
178
178
540
910
920
450
540
450
178
540
178
450
178
178
396
540
178
450
540
540
178
920
540
540
540
540
540
178
450
178
494
540
178
482
341
178
178
178
540
540
178
178
178
540
540
341
178
178
921
178
540
920
178
494
178
540
178
540
178
920
921
482
178
540
450
482
178
921
540
178
540
540
540
178
482
178
540
540
540
178
910
178
450
450
178
540
178
178
450
178
178
540
178
178
482
540
540
396
540
178
921
482
482
921
450
540
178
540
178
540
264
178
450
495
540
178
482
540
178
540
178
178
178
178
540
178
178
450
540
178
540
482
178
540
178
178
482
375
178
178
540
178
178
540
178
540
178
341
396
540
920
450
540
540
178
178
450
178
540
540
921
178
178
178
178
921
495
540
540
917
540
178
178
450
178
540
450
450
910
688
409
178
540
178
540
264
178
409
450
178
450
178
482
450
540
540
178
178
540
921
482
540
540
540
178
540
178
540
178
178
921
178
921
178
178
178
178
450
921
540
178
178
178
178
225
540
178
178
225
178
178
450
540
178
540
540
178
178
178
540
540
178
540
450
178
178
264
482
178
540
450
540
178
396
450
540
482
540
178
450
921
178
178
540
178
178
921
178
494
910
178
409
178
178
409
540
178
178
921
540
482
910
450
482
540
482
178
178
450
450
178
264
921
450
178
178
540
482
178
540
178
178
482
450
482
450
540
178
178
540
178
178
178
178
482
178
178
540
440
178
540
178
540
540
450
450
540
540
450
178
540
921
540
178
178
540
540
540
540
540
409
178
540
540
540
178
178
482
920
178
178
178
921
920
921
178
178
540
540
178
178
178
540
540
540
450
450
540
540
540
540
178
450
540
921
178
409
178
264
178
482
921
178
540
178
178
178
540
178
178
540
178
910
450
482
450
178
540
540
540
450
540
540
409
450
482
325
178
178
178
540
482
540
178
450
178
540
178
920
264
540
178
178
178
540
178
396
921
921
178
482
482
178
540
178
178
264
540
917
178
178
540
540
178
178
482
450
178
540
264
540
482
450
917
540
540
178
540
178
178
450
178
450
396
450
540
178
920
540
178
921
178
540
178
450
178
178
482
450
178
178
921
178
921
178
178
178
482
910
450
178
540
178
178
178
450
178
178
225
409
482
450
178
178
450
540
178
540
178
540
178
178
450
396
540
178
540
178
920
540
540
178
540
178
178
540
540
482
178
178
540
178
178
178
178
540
409
540
178
482
178
540
178
540
482
178
540
409
178
178
264
178
178
178
396
178
178
540
540
450
540
178
341
482
178
178
178
540
178
396
540
482
178
482
540
482
450
178
178
540
540
540
178
540
178
540
482
450
396
482
341
178
178
540
450
540
178
178
178
540
178
178
540
482
178
178
178
910
910
178
178
178
178
178
540
178
921
540
178
450
396
264
921
178
178
178
540
540
917
450
450
341
178
178
178
540
482
426
540
450
178
178
540
178
178
450
450
178
450
540
540
920
264
178
495
178
178
921
540
540
450
264
178
396
178
917
178
482
178
178
178
178
178
540
178
178
921
450
178
178
450
540
540
540
178
450
917
450
178
178
540
178
335
920
450
178
540
178
921
482
450
482
178
178
178
921
178
178
450
450
178
540
540
450
178
450
540
921
540
540
409
178
178
178
409
178
540
540
482
178
921
178
540
920
540
264
540
440
178
178
178
540
482
917
540
178
540
921
178
178
540
450
540
178
540
178
540
178
540
540
540
178
540
450
178
540
178
178
482
540
178
178
540
910
178
178
264
540
921
178
178
178
450
178
921
540
450
264
921
264
178
540
540
921
178
540
178
178
482
540
482
426
396
540
450
921
341
450
178
178
540
178
178
921
178
540
482
178
178
178
540
178
450
178
450
540
540
178
921
178
178
482
409
540
450
178
482
178
540
540
264
178
178
540
450
178
178
341
540
178
540
540
178
482
300
540
921
540
178
178
178
178
450
450
540
178
178
178
178
450
921
178
540
178
178
540
482
178
178
