72
130
130
130
154
154
85
154
72
62
104
140
143
101
72
101
62
101
85
140
130
101
62
154
101
154
130
154
130
128
130
62
101
154
85
154
101
130
101
72
72
20
62
62
62
154
62
85
154
154
62
140
154
130
72
72
85
72
85
154
85
130
62
72
72
154
62
154
85
72
72
101
154
130
101
101
85
101
140
154
72
62
101
20
154
143
140
101
154
101
154
62
72
140
85
154
72
72
101
130
62
85
154
154
154
101
130
102
72
140
154
101
128
62
130
85
72
72
62
128
154
101
72
62
62
62
130
140
101
140
101
101
101
62
128
140
101
62
154
72
72
154
62
154
62
72
62
72
101
101
85
72
85
101
130
72
72
62
72
154
154
101
62
62
130
72
140
140
128
85
85
85
101
154
154
101
85
62
85
62
72
130
154
140
62
101
101
154
72
101
85
72
140
101
62
62
62
72
85
154
154
85
72
140
154
154
140
128
85
72
101
128
62
72
154
154
85
72
154
154
72
62
72
72
101
128
101
72
72
140
101
72
