529
529
529
529
978
885
529
529
529
529
609
944
529
529
529
318
609
529
529
978
529
967
529
529
529
529
978
978
939
529
944
23
939
978
529
495
529
944
896
529
529
529
529
529
978
529
529
529
529
939
529
529
978
529
529
978
529
678
978
529
529
609
529
947
733
529
529
529
529
529
529
241
529
896
978
529
23
529
529
978
529
978
529
529
529
896
318
529
978
529
678
318
529
529
529
268
944
896
529
529
176
978
967
529
529
529
978
733
529
529
328
529
529
944
529
896
529
978
529
529
529
529
529
529
529
529
529
318
529
529
495
318
939
978
529
529
529
944
939
978
529
529
495
529
529
529
529
529
529
944
529
529
529
978
609
529
978
268
978
529
944
495
529
978
529
529
947
241
967
495
529
529
495
529
529
529
529
529
529
176
529
978
978
944
529
529
939
529
328
529
529
529
678
529
23
529
529
529
978
529
529
529
529
529
529
318
944
529
495
978
529
529
967
978
529
944
529
529
529
529
529
947
529
529
896
529
529
944
529
529
529
529
529
612
529
939
529
529
529
495
939
978
529
23
896
529
978
939
529
939
529
529
529
529
495
529
529
529
529
495
495
529
318
529
939
529
733
896
23
529
939
318
529
529
944
328
328
978
529
942
529
612
529
944
529
529
529
978
529
944
23
978
529
219
529
529
529
529
529
529
529
944
328
529
529
529
896
529
967
733
978
529
529
978
733
529
529
529
529
529
944
529
529
529
896
978
939
529
944
529
23
733
529
529
495
529
529
529
529
978
529
529
529
529
529
529
978
978
529
529
529
529
529
529
529
529
23
944
529
529
609
529
529
944
529
529
23
529
529
529
978
328
529
529
529
529
529
529
529
529
529
529
678
885
318
529
529
978
944
529
529
609
529
978
529
529
529
529
23
896
529
241
529
529
529
23
529
529
529
529
529
529
939
529
529
529
529
529
529
939
529
529
495
529
529
529
529
529
978
529
529
529
529
23
733
529
529
529
609
896
23
529
529
529
529
529
978
529
612
529
529
978
529
318
939
495
978
495
939
939
529
978
529
529
529
529
529
609
967
939
529
939
529
529
978
529
529
318
529
495
529
529
529
939
529
529
529
967
318
529
996
529
529
23
176
529
529
529
896
529
944
318
529
241
978
978
529
529
529
529
529
529
529
978
529
978
733
678
896
978
978
529
268
318
529
896
529
529
529
529
529
529
529
529
529
529
939
529
978
529
529
529
978
529
967
529
978
529
529
529
978
978
978
529
529
978
978
529
23
733
23
495
529
529
529
529
529
529
495
529
529
495
529
996
529
978
939
529
529
978
529
529
529
529
978
529
529
529
529
529
978
529
978
529
978
944
939
529
529
318
529
268
609
529
529
318
896
529
896
939
978
978
529
23
529
328
944
978
529
529
529
944
939
529
529
978
529
529
328
939
529
529
529
529
495
944
529
896
978
939
529
978
529
495
529
612
529
529
268
495
529
529
495
529
495
529
529
23
978
678
529
529
944
495
529
495
529
529
268
529
978
944
978
609
23
529
529
978
529
939
919
529
896
896
944
529
529
529
896
529
939
939
529
967
529
529
529
268
896
529
978
529
896
529
529
529
529
529
944
529
678
944
529
529
967
978
23
529
529
529
23
529
529
529
529
529
529
529
529
978
529
529
733
529
529
529
529
529
529
529
529
529
529
978
268
529
495
495
885
978
529
944
23
967
678
678
529
318
529
939
529
529
896
529
896
529
529
939
529
529
529
529
529
978
529
978
978
176
529
529
23
978
939
978
978
529
529
733
944
529
529
529
529
529
529
529
529
919
529
529
529
896
529
978
529
495
529
529
529
529
529
978
978
495
529
944
529
978
529
529
23
678
978
23
978
23
529
529
529
529
529
328
529
495
978
978
939
529
529
529
328
529
495
978
529
23
328
529
529
529
23
328
529
529
529
529
529
529
529
529
23
944
529
896
529
529
733
529
328
529
939
529
529
529
978
939
529
529
529
939
896
529
529
529
944
23
529
529
529
529
529
529
529
978
23
896
529
529
495
529
529
529
529
944
978
23
978
978
529
529
678
529
529
529
529
944
318
529
529
678
529
529
529
529
529
495
529
529
529
978
529
529
978
944
529
529
529
939
529
529
978
978
268
495
609
529
529
529
896
978
978
529
967
495
529
529
328
318
609
529
529
529
529
529
268
529
495
495
529
529
529
268
529
944
529
529
529
678
318
529
885
529
23
529
978
529
529
609
529
967
529
529
944
529
978
495
978
268
944
529
