170
412
412
956
941
412
70
412
412
117
266
937
412
520
170
956
170
412
70
956
956
165
412
956
266
520
266
70
70
70
266
266
520
412
170
70
266
412
412
170
412
117
198
956
165
598
170
497
598
412
70
266
412
520
937
956
412
578
412
412
516
198
198
266
266
412
412
497
688
412
70
266
412
520
412
412
911
497
170
412
412
266
412
412
70
299
520
117
569
70
117
956
520
412
412
170
520
520
170
520
497
170
520
70
841
578
266
497
117
412
412
412
956
198
956
520
70
520
70
412
266
170
70
956
70
412
170
520
956
578
956
412
266
117
117
497
412
117
520
165
956
956
732
117
956
266
520
520
70
956
117
520
175
598
412
412
170
266
956
520
117
170
497
588
956
520
70
412
266
412
497
412
412
266
412
117
412
266
520
598
70
412
170
956
266
520
70
170
266
70
170
497
70
956
412
165
412
412
117
520
497
497
956
520
170
165
520
956
412
412
170
412
520
412
412
520
170
412
412
266
170
412
70
412
520
266
70
520
412
956
412
70
956
266
412
70
266
412
170
419
956
956
266
412
688
165
170
412
198
497
732
497
70
70
520
198
520
170
117
412
688
956
165
266
198
990
70
170
956
412
956
412
412
70
937
117
412
497
956
266
412
412
299
70
412
117
117
516
266
412
266
497
412
175
412
412
70
198
170
412
412
497
598
70
520
70
170
497
70
588
956
956
70
266
956
497
70
941
412
266
70
412
520
266
956
688
956
117
412
520
70
117
520
170
412
520
412
412
117
412
165
70
520
266
956
412
520
266
170
588
412
70
412
70
117
70
497
412
70
520
412
497
198
412
990
299
520
956
412
520
990
198
170
170
412
117
412
520
412
266
520
266
412
70
956
412
412
266
266
412
412
70
956
412
266
266
956
412
520
520
266
412
412
70
266
70
598
266
956
497
412
70
170
497
412
170
520
412
70
520
937
412
520
765
956
688
412
198
956
956
412
70
70
117
266
412
412
956
516
266
299
412
412
497
70
412
70
990
412
266
165
170
266
170
412
412
412
497
266
520
165
70
412
70
170
117
117
520
170
412
520
117
516
520
266
70
412
412
412
412
956
198
170
412
520
520
170
266
956
412
412
215
170
70
497
70
70
520
117
956
412
165
956
956
956
520
412
520
70
588
956
497
956
412
956
520
497
956
520
70
497
520
412
117
117
412
198
520
956
956
956
170
937
170
32
412
520
497
266
520
956
299
266
412
165
956
520
117
520
266
598
956
412
70
170
990
170
170
520
956
70
520
412
70
412
956
170
70
412
117
170
956
412
412
956
70
990
165
412
412
412
956
956
956
412
70
956
956
412
266
70
497
520
266
70
412
266
412
266
412
412
266
266
412
70
266
266
956
956
170
70
266
170
520
32
412
266
956
520
569
412
520
70
412
990
520
266
70
956
170
70
198
941
412
165
266
412
170
170
266
266
215
412
70
412
198
497
170
412
266
497
170
956
937
520
520
412
70
520
412
412
170
117
412
266
412
70
198
117
520
412
956
412
412
170
412
70
266
170
956
412
956
70
588
990
956
165
497
412
299
266
412
198
266
641
520
956
70
412
170
170
956
117
70
412
937
520
412
412
70
412
70
70
170
70
266
299
956
412
266
412
520
70
412
170
117
497
70
266
198
520
266
170
70
117
956
412
520
70
412
520
70
117
412
412
412
956
266
117
266
170
520
412
266
170
956
520
412
956
70
520
299
412
412
266
412
412
412
497
956
956
412
170
520
170
520
70
170
732
412
266
70
412
299
412
520
956
956
266
497
170
956
412
266
956
956
412
956
598
70
170
412
70
598
412
266
412
497
520
70
412
299
520
515
412
70
412
412
412
412
956
497
520
956
412
990
412
520
70
569
170
266
497
198
497
266
266
520
170
70
956
520
937
70
520
412
412
412
956
170
266
266
412
198
70
198
412
412
412
266
412
956
598
412
956
170
520
956
520
412
117
70
266
70
117
412
412
616
412
412
412
198
170
70
412
70
956
70
412
266
412
175
70
588
732
117
117
497
70
117
412
198
520
412
412
412
520
412
70
956
170
990
497
412
956
70
170
520
266
70
117
956
170
412
70
990
412
266
598
588
520
520
117
412
990
497
412
520
266
412
70
170
412
198
117
412
412
956
170
412
412
497
412
412
70
497
170
266
956
412
520
266
412
266
412
956
198
412
117
520
170
956
520
70
412
688
956
215
198
520
117
412
990
70
70
956
520
299
266
165
956
412
412
412
266
70
170
266
412
117
