132
38
25
25
110
132
38
38
38
72
72
72
38
38
110
57
38
110
110
71
57
72
38
72
38
38
38
72
38
25
38
110
38
38
38
110
57
110
57
38
38
25
110
110
6
132
38
38
38
38
38
38
110
25
25
57
132
38
72
38
38
38
38
38
38
110
110
152
38
38
38
6
110
38
71
38
25
38
133
110
38
38
38
38
38
110
72
38
38
110
38
57
110
152
72
132
38
38
38
72
38
38
72
38
38
38
157
57
38
72
157
71
57
72
38
25
38
38
38
38
38
38
38
25
38
57
57
110
38
38
110
38
38
38
38
110
38
25
38
57
38
57
25
57
38
38
152
72
72
133
38
38
38
38
25
132
57
38
22
25
38
57
6
38
38
71
157
25
38
38
157
72
25
132
72
64
