129
136
129
2
2
136
152
136
129
129
152
152
129
98
6
152
98
129
6
2
2
2
152
2
6
2
136
136
152
152
99
152
6
2
98
2
2
152
129
6
129
152
129
152
152
98
129
129
6
2
136
129
136
2
2
152
6
129
2
6
6
6
129
152
152
2
166
2
6
152
2
6
98
2
2
6
129
129
2
152
152
2
152
129
129
6
31
152
129
152
17
2
129
2
2
2
6
152
98
129
17
136
2
6
164
136
2
2
17
6
2
129
2
6
2
164
152
164
6
129
2
2
2
129
6
2
129
152
2
17
129
129
6
6
2
166
152
2
152
2
6
6
6
152
6
129
2
129
2
152
17
136
2
129
129
129
164
2
129
2
6
6
2
6
2
129
129
6
6
2
152
98
2
136
129
6
152
2
2
152
129
152
129
2
129
17
164
6
6
6
164
129
152
2
164
152
152
166
152
6
136
136
2
129
2
129
6
152
2
2
6
17
129
129
17
129
152
152
2
6
129
129
6
17
152
6
6
2
2
129
17
6
136
6
98
164
129
2
136
98
129
6
