414
26
414
414
26
659
414
26
414
419
414
414
26
94
414
97
26
26
414
197
414
414
97
26
924
414
414
924
65
503
347
329
597
97
414
414
26
26
26
26
924
503
623
26
97
414
414
597
924
26
26
623
94
659
65
414
26
782
924
597
94
414
26
26
486
26
303
623
503
26
97
347
94
414
329
623
26
26
414
414
26
414
414
97
26
26
94
414
414
26
499
414
26
503
26
26
26
782
662
26
97
194
26
152
97
623
26
414
26
414
194
621
414
26
414
26
97
303
414
623
26
65
414
597
97
414
26
621
26
739
414
414
347
97
26
414
414
414
94
26
26
414
782
26
194
414
924
414
623
26
26
26
260
97
597
26
347
414
26
26
26
414
26
503
662
94
26
347
623
891
94
414
94
26
94
623
65
303
414
623
26
26
26
26
26
26
94
301
26
414
385
94
623
414
94
414
414
260
414
197
414
414
782
26
65
26
94
26
26
59
414
347
924
26
65
347
623
26
26
65
414
26
414
94
623
347
447
347
597
26
26
97
414
419
414
26
414
26
65
987
97
26
94
748
97
26
414
26
94
347
26
414
26
94
26
659
414
924
623
65
414
26
662
414
623
26
419
782
97
26
94
414
59
414
414
26
26
26
26
597
414
414
26
414
347
414
26
26
26
26
197
823
414
414
97
414
597
26
347
26
414
623
414
97
26
26
26
97
414
414
94
94
65
26
414
26
621
414
26
503
26
597
623
414
414
623
59
94
414
347
94
26
782
662
26
414
94
26
414
194
414
303
692
94
26
414
94
414
26
347
59
26
924
94
414
347
26
414
414
94
59
414
414
414
97
347
26
97
414
414
303
447
347
97
414
924
94
26
26
347
414
26
26
26
26
414
97
347
59
26
414
94
26
94
94
623
26
94
419
414
414
830
26
59
97
26
26
26
94
94
94
447
414
347
26
26
94
333
94
26
26
94
414
26
26
414
414
414
26
65
26
26
414
26
26
94
26
748
414
303
414
26
414
597
97
94
59
414
414
26
623
26
26
26
59
26
108
414
26
26
26
414
414
97
301
26
26
94
659
97
414
26
26
94
26
414
94
924
414
26
414
26
303
194
414
94
26
26
414
597
623
26
414
623
414
26
97
26
414
94
59
597
26
26
26
414
623
26
924
414
65
97
414
414
26
414
623
26
97
414
26
26
26
597
26
94
152
26
414
414
26
621
26
932
26
197
26
97
26
924
26
623
414
26
782
414
823
26
597
414
414
414
623
447
194
414
414
414
26
414
414
26
782
414
26
347
26
414
823
26
97
26
26
26
26
414
414
347
26
26
197
94
26
830
599
97
899
347
26
26
97
414
414
26
26
347
414
597
26
414
65
26
26
26
623
97
303
414
414
414
26
65
414
414
26
26
623
26
303
414
414
26
26
503
26
94
97
152
97
414
98
414
597
414
26
26
26
414
414
347
347
623
414
503
347
26
347
197
26
26
26
414
414
26
26
782
623
414
924
623
414
194
26
26
26
414
414
108
662
26
414
26
26
414
414
782
26
26
26
621
26
59
739
414
447
597
97
26
26
26
94
26
486
597
303
414
303
97
414
414
503
26
26
414
26
303
414
447
94
414
98
623
197
414
414
94
414
26
623
26
94
414
776
597
623
26
94
414
26
414
97
26
486
26
623
414
623
97
26
899
414
26
26
94
414
414
26
26
94
26
503
414
347
26
414
97
830
26
26
94
26
924
97
26
26
414
97
26
623
414
303
414
301
94
26
26
503
414
414
329
26
26
26
97
414
26
26
414
597
26
26
597
26
26
414
26
597
26
414
503
194
414
97
26
59
59
26
26
26
414
97
924
65
65
597
414
414
414
414
414
623
414
414
94
26
26
414
94
414
26
623
94
414
623
414
26
924
782
26
26
26
414
26
830
414
623
414
597
623
924
303
597
414
26
347
414
94
414
26
414
26
26
26
414
26
662
329
26
197
59
414
59
347
26
830
347
623
97
26
515
597
414
65
414
26
26
414
26
414
94
26
597
414
26
414
414
414
414
414
414
26
503
26
414
94
26
197
26
26
197
597
26
347
26
830
65
414
414
59
623
414
26
414
414
623
197
414
414
26
26
414
26
987
97
26
347
26
26
94
899
26
26
26
414
414
414
659
26
414
503
414
26
414
26
414
26
26
597
414
97
26
414
486
414
414
303
26
94
597
26
414
685
65
414
414
59
26
59
97
623
26
65
414
659
26
414
26
414
97
503
414
414
414
414
623
26
94
414
26
782
