59
59
32
59
59
59
59
128
59
82
32
59
59
59
59
59
59
82
59
59
59
59
59
124
59
59
59
117
59
59
32
124
59
32
59
32
82
59
59
32
82
59
59
32
82
32
32
32
59
82
32
59
59
59
32
139
59
128
59
59
139
59
32
59
59
128
82
59
32
32
82
59
128
59
59
124
139
59
32
82
59
59
32
32
59
82
32
32
59
59
59
82
59
82
32
32
128
82
128
59
59
59
82
59
59
59
59
128
82
32
59
32
59
128
59
59
32
82
59
32
59
139
32
32
32
32
59
94
32
94
82
32
59
128
32
32
82
59
82
59
32
139
82
32
59
32
32
59
59
124
59
32
32
59
59
32
59
59
59
82
128
139
32
139
59
82
59
59
59
59
32
59
32
82
59
82
94
59
32
59
82
59
32
128
82
59
59
82
59
59
32
59
32
59
82
32
82
82
141
59
