153
810
10
88
524
810
524
205
153
671
888
947
888
92
146
284
524
810
524
10
524
189
153
810
205
153
205
153
671
810
922
888
535
153
535
524
10
535
524
810
430
524
436
888
922
264
92
88
922
810
153
888
810
10
205
810
205
524
153
671
382
888
189
810
10
153
436
284
535
922
888
205
153
810
671
153
671
810
436
153
810
535
189
888
810
153
888
888
153
810
524
810
524
535
888
10
810
524
284
524
284
10
205
810
88
92
88
436
810
205
888
189
535
535
153
284
535
10
922
168
10
153
524
205
535
810
888
5
535
810
888
810
524
810
524
888
810
153
436
810
810
205
10
146
284
153
810
810
153
153
810
810
524
205
922
671
888
205
524
10
436
35
10
10
284
810
524
810
810
92
947
810
810
535
189
189
888
524
153
88
888
88
810
153
810
189
810
810
92
810
922
205
791
88
436
264
810
153
153
153
524
153
535
810
888
535
922
436
922
810
436
810
10
205
810
524
671
810
810
205
153
535
205
926
535
10
436
10
888
810
922
524
284
810
810
524
284
888
153
926
146
153
153
153
10
535
888
55
153
810
888
888
524
284
810
524
810
436
535
810
810
524
888
88
189
810
524
205
153
10
888
671
10
810
524
153
535
146
153
88
436
10
153
189
810
524
535
810
264
535
10
810
153
932
10
888
535
284
284
810
888
810
10
810
205
810
810
524
10
810
10
810
153
810
810
810
189
535
535
810
810
153
436
810
153
205
284
535
810
535
922
810
524
810
153
153
524
10
810
153
205
535
153
153
810
10
888
922
658
284
436
535
810
524
10
888
205
922
530
284
810
189
35
146
922
524
10
153
535
535
888
810
153
10
153
436
810
810
66
205
888
10
535
810
524
810
92
189
189
810
524
153
284
524
284
436
810
810
205
810
810
535
888
153
810
810
888
146
153
10
810
535
10
888
205
810
189
205
524
153
888
10
205
524
810
888
535
436
524
431
535
810
535
153
810
888
521
535
92
205
888
810
810
10
888
810
284
153
264
10
524
205
88
888
810
524
810
810
153
810
153
153
92
810
284
810
88
853
810
264
153
535
810
88
922
810
55
810
153
153
810
146
189
810
88
810
524
153
810
436
810
92
284
189
55
810
535
153
658
810
153
10
205
810
10
888
284
153
524
810
10
10
535
264
524
284
810
88
189
153
92
524
35
524
888
205
810
524
153
810
10
524
810
10
535
153
810
431
524
92
922
535
10
205
189
542
189
671
888
810
888
535
524
430
535
153
922
535
92
10
524
524
521
153
810
810
284
10
205
888
535
264
10
524
436
189
524
535
810
10
888
205
524
810
922
810
436
535
10
153
205
153
10
524
922
153
888
922
535
810
888
888
436
436
189
658
284
810
922
810
810
810
189
153
922
524
10
153
535
205
189
55
284
524
10
10
888
10
153
535
153
436
284
205
205
810
10
189
205
810
88
10
888
524
524
92
524
284
153
810
810
146
535
810
205
153
284
810
810
535
810
535
810
10
535
153
888
431
189
10
888
810
311
153
66
535
888
888
153
810
535
658
10
524
153
436
810
92
189
810
205
205
888
810
88
436
10
88
888
153
284
92
922
205
922
38
35
853
810
10
264
810
153
535
810
810
535
810
153
810
810
524
10
810
88
888
524
810
153
524
535
922
524
146
88
205
10
205
810
810
55
535
10
810
524
153
215
205
535
153
810
810
810
35
524
88
153
10
810
888
810
10
284
524
810
10
524
922
436
671
189
10
810
10
284
10
284
436
888
535
524
810
524
810
264
810
524
524
10
153
535
888
284
535
92
205
810
810
10
810
10
436
524
888
810
205
810
153
810
10
888
284
153
205
10
146
810
810
888
10
888
189
810
436
810
205
535
382
524
671
888
436
431
535
922
284
524
535
284
888
524
535
524
153
92
888
535
810
671
153
810
524
10
153
810
810
524
535
10
88
524
205
810
205
524
922
524
205
535
535
810
810
436
10
524
810
810
810
888
205
888
10
888
810
535
810
153
535
810
810
284
189
524
153
55
535
535
524
810
810
153
153
810
535
189
524
153
671
888
284
10
205
284
153
524
284
10
10
189
535
153
189
436
153
888
535
153
888
284
535
535
153
671
810
189
524
284
888
524
888
524
431
535
535
524
524
10
284
810
146
153
810
524
205
535
153
10
153
888
524
535
153
92
888
153
10
436
535
888
524
205
205
436
264
284
189
189
205
284
10
153
284
888
153
10
535
88
88
10
153
10
888
436
810
153
284
810
153
535
810
