29
29
29
29
29
29
29
29
29
29
29
29
29
29
29
29
29
29
29
29
29
29
29
29
29
29
29
29
29
29
29
29
29
29
29
29
29
29
29
29
29
29
29
29
29
29
58
58
58
58
58
58
58
58
58
58
58
58
58
58
58
58
290
290
290
290
290
290
290
290
290
290
290
290
290
1160
1160
1160
1160
1160
1160
1160
1160
1160
1160
1160
1160
1160
1160
1160
1160
1160
1160
1160
1160
1160
1160
1160
3480
3480
3480
3480
3480
3480
3480
3480
3480
3480
3480
3480
3480
3480
3480
3480
3480
3480
3480
3480
3480
3480
3480
3480
3480
3480
3480
13920
13920
27840
27840
27840
27840
27840
27840
27840
27840
27840
83520
83520
83520
83520
83520
83520
334080
334080
334080
334080
334080
334080
334080
334080
334080
334080
334080
334080
334080
334080
334080
334080
668160
668160
668160
668160
668160
668160
668160
668160
668160
668160
668160
668160
668160
668160
668160
668160
668160
668160
668160
668160
668160
668160
668160
668160
668160
668160
668160
668160
668160
668160
668160
668160
668160
668160
668160
668160
6013440
6013440
24053760
24053760
24053760
24053760
24053760
24053760
24053760
24053760
24053760
24053760
24053760
24053760
24053760
168376320
168376320
168376320
168376320
168376320
841881600
735052758
735052758
735052758
735052758
735052758
735052758
735052758
735052758
735052758
615474780
615474780
615474780
615474780
615474780
230949553
230949553
230949553
230949553
230949553
692848659
692848659
692848659
692848659
692848659
464243274
464243274
464243274
464243274
464243274
464243274
464243274
464243274
464243274
464243274
464243274
464243274
321216356
321216356
963649068
