781
162
162
173
173
781
781
173
173
173
173
173
173
285
173
173
781
162
162
173
732
781
781
173
162
173
173
173
829
162
781
162
781
173
781
173
956
781
173
781
781
842
173
162
173
516
162
162
173
173
781
173
262
516
173
162
173
173
162
173
173
173
173
173
173
929
173
173
516
173
173
173
173
173
173
781
842
173
173
173
516
173
162
162
173
781
173
162
173
173
173
173
131
262
613
173
173
162
173
781
781
781
516
173
173
781
173
173
173
173
173
842
173
131
173
173
173
173
173
173
173
173
162
162
173
173
173
173
173
173
173
781
781
173
842
173
371
173
173
162
781
173
173
781
173
173
173
842
173
173
173
162
173
262
173
131
173
173
781
781
173
929
162
842
162
173
173
173
173
173
781
781
173
781
929
173
173
173
173
173
895
173
173
173
162
162
781
781
173
173
162
173
842
781
173
173
173
173
173
173
173
173
173
173
162
173
781
285
162
173
173
781
781
173
173
173
162
781
173
162
173
781
173
781
829
173
173
173
173
173
173
781
173
173
173
173
173
173
173
173
173
173
173
842
173
131
842
842
173
162
173
365
173
173
162
173
173
262
173
781
173
173
162
173
781
829
162
173
173
173
173
173
173
173
162
173
173
173
262
173
781
173
162
173
781
173
173
173
173
173
173
173
173
162
173
173
842
173
781
162
173
371
173
173
173
173
781
516
173
895
173
173
781
173
173
173
956
781
173
173
131
173
162
173
173
262
173
173
173
173
173
781
162
162
173
956
173
173
173
173
842
173
173
781
173
173
781
516
285
781
842
173
131
173
781
781
781
781
173
173
173
173
173
781
173
781
173
162
173
956
842
162
162
131
173
173
173
173
162
131
173
173
173
371
173
173
173
173
781
781
173
173
173
781
173
173
173
173
781
173
173
173
173
162
173
173
173
173
162
173
173
390
173
262
781
173
173
173
781
781
173
173
842
173
173
173
781
781
173
173
173
162
173
173
262
580
173
173
173
173
173
781
173
173
173
173
173
781
173
173
173
162
781
781
781
842
173
173
173
131
173
173
781
173
173
162
781
173
162
162
173
781
162
173
980
781
781
781
781
173
173
173
173
173
173
162
173
173
162
173
781
781
956
173
173
781
173
173
162
173
781
173
173
173
173
781
173
763
173
173
262
173
173
173
131
173
842
173
516
285
173
173
162
162
173
173
173
173
781
173
781
173
173
173
173
173
162
173
173
781
173
829
162
173
781
173
781
781
842
173
173
173
173
173
173
173
173
173
173
173
842
781
162
173
173
980
173
162
173
173
365
516
781
173
173
173
842
829
173
173
173
162
173
781
173
781
162
173
173
781
262
781
781
173
173
781
173
173
173
131
173
173
162
173
173
173
173
781
781
829
173
173
162
390
173
173
781
173
162
173
173
173
781
173
781
781
173
781
173
781
173
173
781
162
781
162
781
262
131
173
173
173
829
162
173
173
173
173
173
173
173
173
162
173
262
173
173
173
781
781
173
173
781
173
173
173
173
173
781
173
781
173
829
173
131
162
162
781
173
173
162
173
781
173
173
842
173
131
173
173
173
173
173
781
173
173
781
173
173
781
173
173
173
173
173
781
173
173
173
173
829
173
173
842
763
173
781
173
162
173
173
980
173
173
173
173
173
173
162
173
173
173
162
173
781
173
516
173
173
842
781
173
173
173
173
162
781
842
781
173
173
173
173
781
162
842
903
173
173
173
173
781
173
781
162
162
173
173
173
842
842
173
173
781
173
173
173
173
131
173
173
173
131
781
956
173
781
173
781
162
173
173
781
173
173
173
781
173
173
781
842
829
162
173
173
173
173
781
173
162
842
173
173
173
173
781
781
173
173
173
162
173
173
173
173
173
173
173
173
173
842
173
173
173
162
173
173
162
173
173
781
173
173
173
173
162
131
173
173
956
173
162
781
781
173
173
173
162
956
162
173
781
781
262
131
781
173
173
781
173
371
173
173
516
162
173
162
173
173
781
173
173
173
173
842
173
285
956
929
173
173
162
173
173
173
173
162
363
173
162
173
173
829
162
173
173
842
173
262
781
131
173
173
162
173
173
173
829
173
781
173
173
173
173
173
829
173
162
173
173
173
173
173
173
162
173
173
131
781
781
516
613
781
173
162
173
262
173
173
162
781
173
173
173
173
173
173
162
173
173
173
162
162
173
781
173
173
781
162
781
262
173
173
173
781
173
162
732
173
173
781
173
781
162
173
173
173
173
781
173
162
173
162
173
173
842
131
162
173
173
