79
18
18
79
79
79
18
7
64
79
91
79
18
79
18
79
79
7
79
143
65
79
79
79
64
18
79
79
18
18
79
79
7
34
8
79
7
79
79
18
18
64
79
79
79
79
79
79
18
91
7
79
79
18
79
18
18
18
79
18
65
8
8
18
18
79
165
79
79
8
79
79
6
79
8
143
8
79
79
79
143
79
79
79
79
79
79
8
158
79
79
18
79
79
79
79
79
79
79
18
165
18
8
79
18
79
18
79
79
79
79
8
65
7
6
64
18
79
79
65
79
79
143
79
79
79
64
79
118
79
143
65
18
79
79
79
7
79
79
79
18
65
79
79
79
79
79
8
158
7
129
7
79
79
79
79
18
79
79
19
79
79
79
65
64
8
34
18
18
8
37
65
79
18
79
7
79
8
79
79
8
8
79
8
79
79
79
79
79
91
79
79
79
79
79
79
79
79
65
18
79
79
137
18
18
18
65
65
79
8
79
79
79
79
18
79
18
79
79
8
79
18
8
64
79
143
79
79
79
79
8
79
79
79
129
18
143
79
79
79
8
165
79
79
65
79
79
8
18
79
79
79
79
79
79
34
8
79
79
79
8
79
131
79
8
79
79
79
79
6
79
18
8
129
18
64
79
79
8
18
79
79
64
79
79
165
79
137
158
79
79
37
18
79
79
8
8
79
143
65
79
18
79
79
18
6
79
79
79
8
79
79
26
64
129
79
79
158
65
79
79
18
79
79
79
79
79
