266
445
999
116
411
999
946
206
206
946
946
999
999
788
999
383
999
999
383
241
290
617
946
290
65
65
999
411
206
946
946
290
266
999
365
946
946
116
290
65
206
946
999
365
999
65
999
365
788
999
999
999
946
977
266
946
411
788
999
9
290
788
946
999
999
999
788
65
946
617
796
206
206
266
266
999
946
411
999
365
411
116
946
365
290
290
116
7
788
266
365
266
411
206
999
946
266
999
290
206
447
365
946
411
999
999
999
266
266
206
290
365
946
116
411
946
411
365
290
411
617
365
206
266
65
116
999
999
999
254
206
266
788
365
999
12
266
411
788
116
946
946
411
365
946
999
266
946
999
752
365
365
290
266
206
411
116
266
116
999
411
999
65
116
999
365
266
946
999
946
946
206
999
290
445
365
734
411
946
116
206
659
946
999
290
788
788
999
65
411
290
796
946
788
999
254
266
946
206
290
999
617
946
999
206
365
266
411
266
365
65
266
206
365
428
266
788
266
206
206
411
946
999
266
999
617
266
999
12
116
999
365
290
788
999
116
266
365
999
411
999
999
946
946
999
788
116
206
254
946
411
65
12
999
206
266
206
365
999
946
266
206
999
999
411
946
266
365
266
788
365
206
266
946
617
290
116
65
946
946
946
365
206
999
206
965
999
290
65
65
266
65
946
383
946
365
447
788
290
999
266
266
7
206
290
946
999
65
411
411
445
65
365
447
788
999
290
999
447
365
266
946
411
946
365
266
999
266
116
447
999
999
999
266
266
885
365
266
999
946
946
206
12
447
999
206
365
946
999
266
999
365
206
946
999
999
999
365
999
266
999
116
946
411
266
266
999
206
266
411
206
411
946
65
788
946
946
946
411
965
266
266
411
788
659
999
411
999
999
206
290
999
946
383
411
762
946
946
411
206
999
266
617
999
116
788
788
411
290
788
266
659
788
116
946
946
266
999
999
266
206
206
411
411
266
946
411
734
734
999
999
999
999
999
290
411
290
266
116
946
946
810
206
617
266
999
999
999
447
946
206
12
946
999
266
788
266
365
946
365
290
266
383
365
206
290
116
946
116
999
266
999
999
116
999
206
946
266
266
266
999
999
946
266
965
266
946
999
946
447
206
12
788
206
266
999
116
411
946
365
290
290
946
206
999
411
999
365
365
206
411
266
206
411
266
447
411
999
116
290
65
290
290
206
946
206
788
999
365
365
65
365
65
411
365
290
411
206
946
411
365
999
788
946
116
116
946
266
850
946
411
946
266
999
365
365
999
116
946
206
206
999
946
946
946
206
946
411
946
266
266
266
999
788
447
411
999
999
206
116
946
411
946
266
946
946
12
946
411
266
999
266
796
266
999
365
206
116
266
206
365
206
411
999
999
206
999
411
65
365
206
65
977
365
65
116
999
12
365
266
946
411
206
206
365
411
999
116
946
206
266
946
365
999
999
65
946
946
788
365
411
266
290
999
116
999
206
290
946
999
617
946
617
999
788
946
206
266
266
266
266
411
206
411
365
999
365
946
946
266
266
365
290
365
365
946
12
116
999
206
946
65
999
946
290
946
999
946
116
206
999
365
999
365
266
946
999
116
266
116
206
788
266
999
290
290
946
999
365
266
65
999
116
762
365
999
7
999
411
754
266
788
411
946
290
946
266
788
365
266
266
290
206
266
946
411
365
445
999
946
946
946
266
206
447
946
999
999
946
754
206
965
999
266
365
999
206
206
946
946
206
116
999
65
977
999
206
946
116
617
999
266
266
752
946
206
206
788
946
946
411
290
290
383
206
206
206
946
999
290
206
365
946
365
206
411
365
946
999
365
411
946
999
206
999
266
7
206
999
365
999
365
411
266
999
999
266
266
999
999
116
7
999
445
447
999
116
206
788
946
266
946
946
266
116
206
447
999
206
946
445
266
266
206
946
946
946
796
850
206
999
977
411
266
266
12
659
946
290
999
999
999
977
290
206
266
999
999
999
965
206
999
266
266
946
266
290
206
946
788
411
206
206
411
266
946
946
365
116
206
206
999
65
365
290
999
266
999
365
999
290
999
946
447
946
946
365
65
788
266
206
290
999
290
266
266
7
447
365
946
946
290
946
999
788
206
999
411
999
946
254
946
999
411
999
999
266
290
788
365
206
999
116
788
206
754
411
266
999
946
116
946
290
206
266
796
206
365
7
999
999
946
946
116
946
365
946
788
266
999
999
206
946
946
266
290
946
116
788
254
206
206
365
946
206
946
999
999
206
266
946
999
999
206
116
445
447
999
266
796
