319
885
885
892
892
652
892
477
477
477
892
319
477
523
892
477
892
477
833
892
892
892
477
892
822
73
892
477
477
477
892
892
477
892
833
892
892
477
477
477
892
477
892
892
686
477
477
892
892
319
892
477
477
477
892
58
892
892
892
892
892
477
477
892
892
686
892
892
477
892
885
892
477
892
892
892
892
477
686
892
319
477
477
144
58
477
477
892
892
477
892
477
833
477
652
892
477
477
477
477
892
892
477
477
477
319
892
892
892
892
477
477
892
892
892
477
892
892
686
892
892
477
719
892
477
833
477
477
477
477
477
686
477
477
892
892
892
892
319
686
892
833
14
477
833
892
892
892
477
477
892
892
477
523
885
477
477
477
51
477
892
477
892
833
892
477
888
477
892
892
892
892
892
477
892
892
885
892
477
477
477
477
885
892
892
319
892
892
892
892
892
833
319
892
892
892
477
319
477
523
892
833
892
892
477
319
892
892
892
477
892
892
477
477
477
833
319
892
892
477
892
892
477
892
892
892
477
892
892
892
892
892
892
477
477
238
477
892
477
477
477
319
892
477
892
477
833
892
477
833
892
477
477
833
14
892
477
892
892
477
892
319
892
477
892
892
477
238
238
892
477
892
477
477
892
892
319
892
58
319
892
892
892
892
892
477
477
892
892
892
58
892
97
319
833
477
892
686
833
477
719
477
477
73
477
477
892
523
477
652
892
892
892
652
892
477
477
892
892
477
833
892
477
892
686
892
892
477
892
477
892
892
477
885
892
477
319
477
892
892
477
686
892
892
892
575
477
892
833
477
319
719
477
58
892
892
477
892
477
892
892
477
892
870
477
58
892
477
477
477
892
477
892
892
833
477
892
477
892
319
319
892
477
477
892
892
319
892
892
477
892
892
892
556
892
477
885
885
319
477
477
319
477
41
477
477
477
892
833
477
477
892
477
892
892
477
477
892
477
477
477
892
892
477
892
477
892
241
892
477
477
477
477
477
892
319
58
892
319
477
892
892
892
888
892
892
477
892
477
892
652
477
14
892
523
892
575
477
73
822
719
892
892
892
477
892
892
477
477
477
575
892
477
892
123
652
833
686
319
477
892
477
686
477
477
833
892
477
41
477
892
477
14
477
477
892
14
892
477
477
892
477
892
892
398
477
892
892
477
892
477
477
892
477
833
892
822
652
833
686
477
477
892
892
477
477
477
477
892
892
833
319
892
888
892
319
892
477
892
477
892
477
987
477
477
892
892
892
477
833
477
477
892
477
477
833
892
892
477
477
477
892
892
477
892
892
41
97
477
892
892
477
477
892
892
892
477
477
477
477
892
477
892
477
892
477
477
833
719
477
477
14
477
477
892
892
477
477
477
477
477
892
652
477
575
477
477
885
892
477
892
892
892
477
41
477
892
477
477
477
523
477
477
892
575
477
477
477
719
477
477
477
892
477
477
477
892
833
477
892
477
892
652
652
892
892
892
477
652
892
477
892
892
892
833
477
477
477
58
238
477
477
892
892
477
319
477
892
892
477
477
885
477
556
892
686
892
477
477
477
892
477
892
892
892
833
477
477
885
477
477
892
477
885
652
58
892
477
686
477
319
892
477
892
892
477
892
892
892
477
892
892
477
892
892
892
892
892
477
892
477
892
477
41
892
477
477
892
652
319
319
892
892
892
892
477
477
477
892
892
477
477
892
892
477
892
477
477
892
477
892
892
892
892
892
477
892
477
888
892
686
73
892
892
822
822
892
477
477
477
822
892
892
477
892
892
477
477
575
477
833
477
477
892
477
477
885
892
477
477
652
892
652
477
892
892
892
14
477
319
319
833
477
477
892
477
477
892
477
477
477
888
477
892
892
892
892
477
892
477
477
14
892
477
477
719
686
892
477
892
892
477
477
892
892
477
477
892
719
477
477
477
870
477
892
833
892
892
892
477
892
477
477
477
892
14
477
477
477
575
892
892
892
892
477
892
892
892
477
319
892
477
477
892
477
892
892
892
892
477
892
833
477
892
477
477
477
892
892
892
477
892
892
892
58
477
686
892
892
477
477
477
477
892
892
892
892
477
892
833
477
892
892
477
14
822
477
833
477
477
477
892
41
477
477
652
892
892
892
477
833
477
477
477
892
885
892
892
892
892
892
888
477
892
477
892
885
892
822
892
477
892
477
14
892
652
477
477
892
477
477
477
319
41
892
398
477
892
477
14
14
833
892
477
477
892
892
477
319
319
892
892
477
892
892
319
892
477
477
477
892
477
477
477
892
892
892
892
477
892
